The system is: Linux - 3.16.0-4-686-pae - i686
Compiling the C compiler identification source file "CMakeCCompilerId.c" succeeded.
Compiler: /usr/bin/cc 
Build flags: 
Id flags: 

The output was:
0


Compilation of the C compiler identification source "CMakeCCompilerId.c" produced "a.out"

The C compiler identification is GNU, found in "/home/fernando/Escritorio/Texturas/Uso de Shadow1/build/CMakeFiles/3.0.2/CompilerIdC/a.out"

Compiling the CXX compiler identification source file "CMakeCXXCompilerId.cpp" succeeded.
Compiler: /usr/bin/c++ 
Build flags: 
Id flags: 

The output was:
0


Compilation of the CXX compiler identification source "CMakeCXXCompilerId.cpp" produced "a.out"

The CXX compiler identification is GNU, found in "/home/fernando/Escritorio/Texturas/Uso de Shadow1/build/CMakeFiles/3.0.2/CompilerIdCXX/a.out"

Determining if the C compiler works passed with the following output:
Change Dir: /home/fernando/Escritorio/Texturas/Uso de Shadow1/build/CMakeFiles/CMakeTmp

Run Build Command:"/usr/bin/make" "cmTryCompileExec1161502077/fast"
/usr/bin/make -f CMakeFiles/cmTryCompileExec1161502077.dir/build.make CMakeFiles/cmTryCompileExec1161502077.dir/build
make[1]: Entering directory '/home/fernando/Escritorio/Texturas/Uso de Shadow1/build/CMakeFiles/CMakeTmp'
/usr/bin/cmake -E cmake_progress_report "/home/fernando/Escritorio/Texturas/Uso de Shadow1/build/CMakeFiles/CMakeTmp/CMakeFiles" 1
Building C object CMakeFiles/cmTryCompileExec1161502077.dir/testCCompiler.c.o
/usr/bin/cc    -o CMakeFiles/cmTryCompileExec1161502077.dir/testCCompiler.c.o   -c "/home/fernando/Escritorio/Texturas/Uso de Shadow1/build/CMakeFiles/CMakeTmp/testCCompiler.c"
Linking C executable cmTryCompileExec1161502077
/usr/bin/cmake -E cmake_link_script CMakeFiles/cmTryCompileExec1161502077.dir/link.txt --verbose=1
/usr/bin/cc       CMakeFiles/cmTryCompileExec1161502077.dir/testCCompiler.c.o  -o cmTryCompileExec1161502077 -rdynamic 
make[1]: Leaving directory '/home/fernando/Escritorio/Texturas/Uso de Shadow1/build/CMakeFiles/CMakeTmp'


Detecting C compiler ABI info compiled with the following output:
Change Dir: /home/fernando/Escritorio/Texturas/Uso de Shadow1/build/CMakeFiles/CMakeTmp

Run Build Command:"/usr/bin/make" "cmTryCompileExec2124051036/fast"
/usr/bin/make -f CMakeFiles/cmTryCompileExec2124051036.dir/build.make CMakeFiles/cmTryCompileExec2124051036.dir/build
make[1]: Entering directory '/home/fernando/Escritorio/Texturas/Uso de Shadow1/build/CMakeFiles/CMakeTmp'
/usr/bin/cmake -E cmake_progress_report "/home/fernando/Escritorio/Texturas/Uso de Shadow1/build/CMakeFiles/CMakeTmp/CMakeFiles" 1
Building C object CMakeFiles/cmTryCompileExec2124051036.dir/CMakeCCompilerABI.c.o
/usr/bin/cc    -o CMakeFiles/cmTryCompileExec2124051036.dir/CMakeCCompilerABI.c.o   -c /usr/share/cmake-3.0/Modules/CMakeCCompilerABI.c
Linking C executable cmTryCompileExec2124051036
/usr/bin/cmake -E cmake_link_script CMakeFiles/cmTryCompileExec2124051036.dir/link.txt --verbose=1
/usr/bin/cc     -v CMakeFiles/cmTryCompileExec2124051036.dir/CMakeCCompilerABI.c.o  -o cmTryCompileExec2124051036 -rdynamic  
Using built-in specs.
COLLECT_GCC=/usr/bin/cc
COLLECT_LTO_WRAPPER=/usr/lib/gcc/i586-linux-gnu/4.9/lto-wrapper
Target: i586-linux-gnu
Configured with: ../src/configure -v --with-pkgversion='Debian 4.9.2-10' --with-bugurl=file:///usr/share/doc/gcc-4.9/README.Bugs --enable-languages=c,c++,java,go,d,fortran,objc,obj-c++ --prefix=/usr --program-suffix=-4.9 --enable-shared --enable-linker-build-id --libexecdir=/usr/lib --without-included-gettext --enable-threads=posix --with-gxx-include-dir=/usr/include/c++/4.9 --libdir=/usr/lib --enable-nls --with-sysroot=/ --enable-clocale=gnu --enable-libstdcxx-debug --enable-libstdcxx-time=yes --enable-gnu-unique-object --disable-vtable-verify --enable-plugin --with-system-zlib --disable-browser-plugin --enable-java-awt=gtk --enable-gtk-cairo --with-java-home=/usr/lib/jvm/java-1.5.0-gcj-4.9-i386/jre --enable-java-home --with-jvm-root-dir=/usr/lib/jvm/java-1.5.0-gcj-4.9-i386 --with-jvm-jar-dir=/usr/lib/jvm-exports/java-1.5.0-gcj-4.9-i386 --with-arch-directory=i386 --with-ecj-jar=/usr/share/java/eclipse-ecj.jar --enable-objc-gc --enable-targets=all --enable-multiarch --with-arch-32=i586 --with-multilib-list=m32,m64,mx32 --enable-multilib --with-tune=generic --enable-checking=release --build=i586-linux-gnu --host=i586-linux-gnu --target=i586-linux-gnu
Thread model: posix
gcc version 4.9.2 (Debian 4.9.2-10) 
COMPILER_PATH=/usr/lib/gcc/i586-linux-gnu/4.9/:/usr/lib/gcc/i586-linux-gnu/4.9/:/usr/lib/gcc/i586-linux-gnu/:/usr/lib/gcc/i586-linux-gnu/4.9/:/usr/lib/gcc/i586-linux-gnu/
LIBRARY_PATH=/usr/lib/gcc/i586-linux-gnu/4.9/:/usr/lib/gcc/i586-linux-gnu/4.9/../../../i386-linux-gnu/:/usr/lib/gcc/i586-linux-gnu/4.9/../../../../lib/:/lib/i386-linux-gnu/:/lib/../lib/:/usr/lib/i386-linux-gnu/:/usr/lib/../lib/:/usr/lib/gcc/i586-linux-gnu/4.9/../../../:/lib/:/usr/lib/
COLLECT_GCC_OPTIONS='-v' '-o' 'cmTryCompileExec2124051036' '-rdynamic' '-mtune=generic' '-march=i586'
 /usr/lib/gcc/i586-linux-gnu/4.9/collect2 -plugin /usr/lib/gcc/i586-linux-gnu/4.9/liblto_plugin.so -plugin-opt=/usr/lib/gcc/i586-linux-gnu/4.9/lto-wrapper -plugin-opt=-fresolution=/tmp/ccJq9eBi.res -plugin-opt=-pass-through=-lgcc -plugin-opt=-pass-through=-lgcc_s -plugin-opt=-pass-through=-lc -plugin-opt=-pass-through=-lgcc -plugin-opt=-pass-through=-lgcc_s --sysroot=/ --build-id --eh-frame-hdr -m elf_i386 --hash-style=gnu -export-dynamic -dynamic-linker /lib/ld-linux.so.2 -o cmTryCompileExec2124051036 /usr/lib/gcc/i586-linux-gnu/4.9/../../../i386-linux-gnu/crt1.o /usr/lib/gcc/i586-linux-gnu/4.9/../../../i386-linux-gnu/crti.o /usr/lib/gcc/i586-linux-gnu/4.9/crtbegin.o -L/usr/lib/gcc/i586-linux-gnu/4.9 -L/usr/lib/gcc/i586-linux-gnu/4.9/../../../i386-linux-gnu -L/usr/lib/gcc/i586-linux-gnu/4.9/../../../../lib -L/lib/i386-linux-gnu -L/lib/../lib -L/usr/lib/i386-linux-gnu -L/usr/lib/../lib -L/usr/lib/gcc/i586-linux-gnu/4.9/../../.. CMakeFiles/cmTryCompileExec2124051036.dir/CMakeCCompilerABI.c.o -lgcc --as-needed -lgcc_s --no-as-needed -lc -lgcc --as-needed -lgcc_s --no-as-needed /usr/lib/gcc/i586-linux-gnu/4.9/crtend.o /usr/lib/gcc/i586-linux-gnu/4.9/../../../i386-linux-gnu/crtn.o
make[1]: Leaving directory '/home/fernando/Escritorio/Texturas/Uso de Shadow1/build/CMakeFiles/CMakeTmp'


Parsed C implicit link information from above output:
  link line regex: [^( *|.*[/\])(ld|([^/\]+-)?ld|collect2)[^/\]*( |$)]
  ignore line: [Change Dir: /home/fernando/Escritorio/Texturas/Uso de Shadow1/build/CMakeFiles/CMakeTmp]
  ignore line: []
  ignore line: [Run Build Command:"/usr/bin/make" "cmTryCompileExec2124051036/fast"]
  ignore line: [/usr/bin/make -f CMakeFiles/cmTryCompileExec2124051036.dir/build.make CMakeFiles/cmTryCompileExec2124051036.dir/build]
  ignore line: [make[1]: Entering directory '/home/fernando/Escritorio/Texturas/Uso de Shadow1/build/CMakeFiles/CMakeTmp']
  ignore line: [/usr/bin/cmake -E cmake_progress_report "/home/fernando/Escritorio/Texturas/Uso de Shadow1/build/CMakeFiles/CMakeTmp/CMakeFiles" 1]
  ignore line: [Building C object CMakeFiles/cmTryCompileExec2124051036.dir/CMakeCCompilerABI.c.o]
  ignore line: [/usr/bin/cc    -o CMakeFiles/cmTryCompileExec2124051036.dir/CMakeCCompilerABI.c.o   -c /usr/share/cmake-3.0/Modules/CMakeCCompilerABI.c]
  ignore line: [Linking C executable cmTryCompileExec2124051036]
  ignore line: [/usr/bin/cmake -E cmake_link_script CMakeFiles/cmTryCompileExec2124051036.dir/link.txt --verbose=1]
  ignore line: [/usr/bin/cc     -v CMakeFiles/cmTryCompileExec2124051036.dir/CMakeCCompilerABI.c.o  -o cmTryCompileExec2124051036 -rdynamic  ]
  ignore line: [Using built-in specs.]
  ignore line: [COLLECT_GCC=/usr/bin/cc]
  ignore line: [COLLECT_LTO_WRAPPER=/usr/lib/gcc/i586-linux-gnu/4.9/lto-wrapper]
  ignore line: [Target: i586-linux-gnu]
  ignore line: [Configured with: ../src/configure -v --with-pkgversion='Debian 4.9.2-10' --with-bugurl=file:///usr/share/doc/gcc-4.9/README.Bugs --enable-languages=c,c++,java,go,d,fortran,objc,obj-c++ --prefix=/usr --program-suffix=-4.9 --enable-shared --enable-linker-build-id --libexecdir=/usr/lib --without-included-gettext --enable-threads=posix --with-gxx-include-dir=/usr/include/c++/4.9 --libdir=/usr/lib --enable-nls --with-sysroot=/ --enable-clocale=gnu --enable-libstdcxx-debug --enable-libstdcxx-time=yes --enable-gnu-unique-object --disable-vtable-verify --enable-plugin --with-system-zlib --disable-browser-plugin --enable-java-awt=gtk --enable-gtk-cairo --with-java-home=/usr/lib/jvm/java-1.5.0-gcj-4.9-i386/jre --enable-java-home --with-jvm-root-dir=/usr/lib/jvm/java-1.5.0-gcj-4.9-i386 --with-jvm-jar-dir=/usr/lib/jvm-exports/java-1.5.0-gcj-4.9-i386 --with-arch-directory=i386 --with-ecj-jar=/usr/share/java/eclipse-ecj.jar --enable-objc-gc --enable-targets=all --enable-multiarch --with-arch-32=i586 --with-multilib-list=m32,m64,mx32 --enable-multilib --with-tune=generic --enable-checking=release --build=i586-linux-gnu --host=i586-linux-gnu --target=i586-linux-gnu]
  ignore line: [Thread model: posix]
  ignore line: [gcc version 4.9.2 (Debian 4.9.2-10) ]
  ignore line: [COMPILER_PATH=/usr/lib/gcc/i586-linux-gnu/4.9/:/usr/lib/gcc/i586-linux-gnu/4.9/:/usr/lib/gcc/i586-linux-gnu/:/usr/lib/gcc/i586-linux-gnu/4.9/:/usr/lib/gcc/i586-linux-gnu/]
  ignore line: [LIBRARY_PATH=/usr/lib/gcc/i586-linux-gnu/4.9/:/usr/lib/gcc/i586-linux-gnu/4.9/../../../i386-linux-gnu/:/usr/lib/gcc/i586-linux-gnu/4.9/../../../../lib/:/lib/i386-linux-gnu/:/lib/../lib/:/usr/lib/i386-linux-gnu/:/usr/lib/../lib/:/usr/lib/gcc/i586-linux-gnu/4.9/../../../:/lib/:/usr/lib/]
  ignore line: [COLLECT_GCC_OPTIONS='-v' '-o' 'cmTryCompileExec2124051036' '-rdynamic' '-mtune=generic' '-march=i586']
  link line: [ /usr/lib/gcc/i586-linux-gnu/4.9/collect2 -plugin /usr/lib/gcc/i586-linux-gnu/4.9/liblto_plugin.so -plugin-opt=/usr/lib/gcc/i586-linux-gnu/4.9/lto-wrapper -plugin-opt=-fresolution=/tmp/ccJq9eBi.res -plugin-opt=-pass-through=-lgcc -plugin-opt=-pass-through=-lgcc_s -plugin-opt=-pass-through=-lc -plugin-opt=-pass-through=-lgcc -plugin-opt=-pass-through=-lgcc_s --sysroot=/ --build-id --eh-frame-hdr -m elf_i386 --hash-style=gnu -export-dynamic -dynamic-linker /lib/ld-linux.so.2 -o cmTryCompileExec2124051036 /usr/lib/gcc/i586-linux-gnu/4.9/../../../i386-linux-gnu/crt1.o /usr/lib/gcc/i586-linux-gnu/4.9/../../../i386-linux-gnu/crti.o /usr/lib/gcc/i586-linux-gnu/4.9/crtbegin.o -L/usr/lib/gcc/i586-linux-gnu/4.9 -L/usr/lib/gcc/i586-linux-gnu/4.9/../../../i386-linux-gnu -L/usr/lib/gcc/i586-linux-gnu/4.9/../../../../lib -L/lib/i386-linux-gnu -L/lib/../lib -L/usr/lib/i386-linux-gnu -L/usr/lib/../lib -L/usr/lib/gcc/i586-linux-gnu/4.9/../../.. CMakeFiles/cmTryCompileExec2124051036.dir/CMakeCCompilerABI.c.o -lgcc --as-needed -lgcc_s --no-as-needed -lc -lgcc --as-needed -lgcc_s --no-as-needed /usr/lib/gcc/i586-linux-gnu/4.9/crtend.o /usr/lib/gcc/i586-linux-gnu/4.9/../../../i386-linux-gnu/crtn.o]
    arg [/usr/lib/gcc/i586-linux-gnu/4.9/collect2] ==> ignore
    arg [-plugin] ==> ignore
    arg [/usr/lib/gcc/i586-linux-gnu/4.9/liblto_plugin.so] ==> ignore
    arg [-plugin-opt=/usr/lib/gcc/i586-linux-gnu/4.9/lto-wrapper] ==> ignore
    arg [-plugin-opt=-fresolution=/tmp/ccJq9eBi.res] ==> ignore
    arg [-plugin-opt=-pass-through=-lgcc] ==> ignore
    arg [-plugin-opt=-pass-through=-lgcc_s] ==> ignore
    arg [-plugin-opt=-pass-through=-lc] ==> ignore
    arg [-plugin-opt=-pass-through=-lgcc] ==> ignore
    arg [-plugin-opt=-pass-through=-lgcc_s] ==> ignore
    arg [--sysroot=/] ==> ignore
    arg [--build-id] ==> ignore
    arg [--eh-frame-hdr] ==> ignore
    arg [-m] ==> ignore
    arg [elf_i386] ==> ignore
    arg [--hash-style=gnu] ==> ignore
    arg [-export-dynamic] ==> ignore
    arg [-dynamic-linker] ==> ignore
    arg [/lib/ld-linux.so.2] ==> ignore
    arg [-o] ==> ignore
    arg [cmTryCompileExec2124051036] ==> ignore
    arg [/usr/lib/gcc/i586-linux-gnu/4.9/../../../i386-linux-gnu/crt1.o] ==> ignore
    arg [/usr/lib/gcc/i586-linux-gnu/4.9/../../../i386-linux-gnu/crti.o] ==> ignore
    arg [/usr/lib/gcc/i586-linux-gnu/4.9/crtbegin.o] ==> ignore
    arg [-L/usr/lib/gcc/i586-linux-gnu/4.9] ==> dir [/usr/lib/gcc/i586-linux-gnu/4.9]
    arg [-L/usr/lib/gcc/i586-linux-gnu/4.9/../../../i386-linux-gnu] ==> dir [/usr/lib/gcc/i586-linux-gnu/4.9/../../../i386-linux-gnu]
    arg [-L/usr/lib/gcc/i586-linux-gnu/4.9/../../../../lib] ==> dir [/usr/lib/gcc/i586-linux-gnu/4.9/../../../../lib]
    arg [-L/lib/i386-linux-gnu] ==> dir [/lib/i386-linux-gnu]
    arg [-L/lib/../lib] ==> dir [/lib/../lib]
    arg [-L/usr/lib/i386-linux-gnu] ==> dir [/usr/lib/i386-linux-gnu]
    arg [-L/usr/lib/../lib] ==> dir [/usr/lib/../lib]
    arg [-L/usr/lib/gcc/i586-linux-gnu/4.9/../../..] ==> dir [/usr/lib/gcc/i586-linux-gnu/4.9/../../..]
    arg [CMakeFiles/cmTryCompileExec2124051036.dir/CMakeCCompilerABI.c.o] ==> ignore
    arg [-lgcc] ==> lib [gcc]
    arg [--as-needed] ==> ignore
    arg [-lgcc_s] ==> lib [gcc_s]
    arg [--no-as-needed] ==> ignore
    arg [-lc] ==> lib [c]
    arg [-lgcc] ==> lib [gcc]
    arg [--as-needed] ==> ignore
    arg [-lgcc_s] ==> lib [gcc_s]
    arg [--no-as-needed] ==> ignore
    arg [/usr/lib/gcc/i586-linux-gnu/4.9/crtend.o] ==> ignore
    arg [/usr/lib/gcc/i586-linux-gnu/4.9/../../../i386-linux-gnu/crtn.o] ==> ignore
  remove lib [gcc]
  remove lib [gcc_s]
  remove lib [gcc]
  remove lib [gcc_s]
  collapse library dir [/usr/lib/gcc/i586-linux-gnu/4.9] ==> [/usr/lib/gcc/i586-linux-gnu/4.9]
  collapse library dir [/usr/lib/gcc/i586-linux-gnu/4.9/../../../i386-linux-gnu] ==> [/usr/lib/i386-linux-gnu]
  collapse library dir [/usr/lib/gcc/i586-linux-gnu/4.9/../../../../lib] ==> [/usr/lib]
  collapse library dir [/lib/i386-linux-gnu] ==> [/lib/i386-linux-gnu]
  collapse library dir [/lib/../lib] ==> [/lib]
  collapse library dir [/usr/lib/i386-linux-gnu] ==> [/usr/lib/i386-linux-gnu]
  collapse library dir [/usr/lib/../lib] ==> [/usr/lib]
  collapse library dir [/usr/lib/gcc/i586-linux-gnu/4.9/../../..] ==> [/usr/lib]
  implicit libs: [c]
  implicit dirs: [/usr/lib/gcc/i586-linux-gnu/4.9;/usr/lib/i386-linux-gnu;/usr/lib;/lib/i386-linux-gnu;/lib]
  implicit fwks: []


Determining if the CXX compiler works passed with the following output:
Change Dir: /home/fernando/Escritorio/Texturas/Uso de Shadow1/build/CMakeFiles/CMakeTmp

Run Build Command:"/usr/bin/make" "cmTryCompileExec3896653756/fast"
/usr/bin/make -f CMakeFiles/cmTryCompileExec3896653756.dir/build.make CMakeFiles/cmTryCompileExec3896653756.dir/build
make[1]: Entering directory '/home/fernando/Escritorio/Texturas/Uso de Shadow1/build/CMakeFiles/CMakeTmp'
/usr/bin/cmake -E cmake_progress_report "/home/fernando/Escritorio/Texturas/Uso de Shadow1/build/CMakeFiles/CMakeTmp/CMakeFiles" 1
Building CXX object CMakeFiles/cmTryCompileExec3896653756.dir/testCXXCompiler.cxx.o
/usr/bin/c++     -o CMakeFiles/cmTryCompileExec3896653756.dir/testCXXCompiler.cxx.o -c "/home/fernando/Escritorio/Texturas/Uso de Shadow1/build/CMakeFiles/CMakeTmp/testCXXCompiler.cxx"
Linking CXX executable cmTryCompileExec3896653756
/usr/bin/cmake -E cmake_link_script CMakeFiles/cmTryCompileExec3896653756.dir/link.txt --verbose=1
/usr/bin/c++        CMakeFiles/cmTryCompileExec3896653756.dir/testCXXCompiler.cxx.o  -o cmTryCompileExec3896653756 -rdynamic 
make[1]: Leaving directory '/home/fernando/Escritorio/Texturas/Uso de Shadow1/build/CMakeFiles/CMakeTmp'


Detecting CXX compiler ABI info compiled with the following output:
Change Dir: /home/fernando/Escritorio/Texturas/Uso de Shadow1/build/CMakeFiles/CMakeTmp

Run Build Command:"/usr/bin/make" "cmTryCompileExec98594951/fast"
/usr/bin/make -f CMakeFiles/cmTryCompileExec98594951.dir/build.make CMakeFiles/cmTryCompileExec98594951.dir/build
make[1]: Entering directory '/home/fernando/Escritorio/Texturas/Uso de Shadow1/build/CMakeFiles/CMakeTmp'
/usr/bin/cmake -E cmake_progress_report "/home/fernando/Escritorio/Texturas/Uso de Shadow1/build/CMakeFiles/CMakeTmp/CMakeFiles" 1
Building CXX object CMakeFiles/cmTryCompileExec98594951.dir/CMakeCXXCompilerABI.cpp.o
/usr/bin/c++     -o CMakeFiles/cmTryCompileExec98594951.dir/CMakeCXXCompilerABI.cpp.o -c /usr/share/cmake-3.0/Modules/CMakeCXXCompilerABI.cpp
Linking CXX executable cmTryCompileExec98594951
/usr/bin/cmake -E cmake_link_script CMakeFiles/cmTryCompileExec98594951.dir/link.txt --verbose=1
/usr/bin/c++      -v CMakeFiles/cmTryCompileExec98594951.dir/CMakeCXXCompilerABI.cpp.o  -o cmTryCompileExec98594951 -rdynamic  
Using built-in specs.
COLLECT_GCC=/usr/bin/c++
COLLECT_LTO_WRAPPER=/usr/lib/gcc/i586-linux-gnu/4.9/lto-wrapper
Target: i586-linux-gnu
Configured with: ../src/configure -v --with-pkgversion='Debian 4.9.2-10' --with-bugurl=file:///usr/share/doc/gcc-4.9/README.Bugs --enable-languages=c,c++,java,go,d,fortran,objc,obj-c++ --prefix=/usr --program-suffix=-4.9 --enable-shared --enable-linker-build-id --libexecdir=/usr/lib --without-included-gettext --enable-threads=posix --with-gxx-include-dir=/usr/include/c++/4.9 --libdir=/usr/lib --enable-nls --with-sysroot=/ --enable-clocale=gnu --enable-libstdcxx-debug --enable-libstdcxx-time=yes --enable-gnu-unique-object --disable-vtable-verify --enable-plugin --with-system-zlib --disable-browser-plugin --enable-java-awt=gtk --enable-gtk-cairo --with-java-home=/usr/lib/jvm/java-1.5.0-gcj-4.9-i386/jre --enable-java-home --with-jvm-root-dir=/usr/lib/jvm/java-1.5.0-gcj-4.9-i386 --with-jvm-jar-dir=/usr/lib/jvm-exports/java-1.5.0-gcj-4.9-i386 --with-arch-directory=i386 --with-ecj-jar=/usr/share/java/eclipse-ecj.jar --enable-objc-gc --enable-targets=all --enable-multiarch --with-arch-32=i586 --with-multilib-list=m32,m64,mx32 --enable-multilib --with-tune=generic --enable-checking=release --build=i586-linux-gnu --host=i586-linux-gnu --target=i586-linux-gnu
Thread model: posix
gcc version 4.9.2 (Debian 4.9.2-10) 
COMPILER_PATH=/usr/lib/gcc/i586-linux-gnu/4.9/:/usr/lib/gcc/i586-linux-gnu/4.9/:/usr/lib/gcc/i586-linux-gnu/:/usr/lib/gcc/i586-linux-gnu/4.9/:/usr/lib/gcc/i586-linux-gnu/
LIBRARY_PATH=/usr/lib/gcc/i586-linux-gnu/4.9/:/usr/lib/gcc/i586-linux-gnu/4.9/../../../i386-linux-gnu/:/usr/lib/gcc/i586-linux-gnu/4.9/../../../../lib/:/lib/i386-linux-gnu/:/lib/../lib/:/usr/lib/i386-linux-gnu/:/usr/lib/../lib/:/usr/lib/gcc/i586-linux-gnu/4.9/../../../:/lib/:/usr/lib/
COLLECT_GCC_OPTIONS='-v' '-o' 'cmTryCompileExec98594951' '-rdynamic' '-shared-libgcc' '-mtune=generic' '-march=i586'
 /usr/lib/gcc/i586-linux-gnu/4.9/collect2 -plugin /usr/lib/gcc/i586-linux-gnu/4.9/liblto_plugin.so -plugin-opt=/usr/lib/gcc/i586-linux-gnu/4.9/lto-wrapper -plugin-opt=-fresolution=/tmp/ccQKKJ4f.res -plugin-opt=-pass-through=-lgcc_s -plugin-opt=-pass-through=-lgcc -plugin-opt=-pass-through=-lc -plugin-opt=-pass-through=-lgcc_s -plugin-opt=-pass-through=-lgcc --sysroot=/ --build-id --eh-frame-hdr -m elf_i386 --hash-style=gnu -export-dynamic -dynamic-linker /lib/ld-linux.so.2 -o cmTryCompileExec98594951 /usr/lib/gcc/i586-linux-gnu/4.9/../../../i386-linux-gnu/crt1.o /usr/lib/gcc/i586-linux-gnu/4.9/../../../i386-linux-gnu/crti.o /usr/lib/gcc/i586-linux-gnu/4.9/crtbegin.o -L/usr/lib/gcc/i586-linux-gnu/4.9 -L/usr/lib/gcc/i586-linux-gnu/4.9/../../../i386-linux-gnu -L/usr/lib/gcc/i586-linux-gnu/4.9/../../../../lib -L/lib/i386-linux-gnu -L/lib/../lib -L/usr/lib/i386-linux-gnu -L/usr/lib/../lib -L/usr/lib/gcc/i586-linux-gnu/4.9/../../.. CMakeFiles/cmTryCompileExec98594951.dir/CMakeCXXCompilerABI.cpp.o -lstdc++ -lm -lgcc_s -lgcc -lc -lgcc_s -lgcc /usr/lib/gcc/i586-linux-gnu/4.9/crtend.o /usr/lib/gcc/i586-linux-gnu/4.9/../../../i386-linux-gnu/crtn.o
make[1]: Leaving directory '/home/fernando/Escritorio/Texturas/Uso de Shadow1/build/CMakeFiles/CMakeTmp'


Parsed CXX implicit link information from above output:
  link line regex: [^( *|.*[/\])(ld|([^/\]+-)?ld|collect2)[^/\]*( |$)]
  ignore line: [Change Dir: /home/fernando/Escritorio/Texturas/Uso de Shadow1/build/CMakeFiles/CMakeTmp]
  ignore line: []
  ignore line: [Run Build Command:"/usr/bin/make" "cmTryCompileExec98594951/fast"]
  ignore line: [/usr/bin/make -f CMakeFiles/cmTryCompileExec98594951.dir/build.make CMakeFiles/cmTryCompileExec98594951.dir/build]
  ignore line: [make[1]: Entering directory '/home/fernando/Escritorio/Texturas/Uso de Shadow1/build/CMakeFiles/CMakeTmp']
  ignore line: [/usr/bin/cmake -E cmake_progress_report "/home/fernando/Escritorio/Texturas/Uso de Shadow1/build/CMakeFiles/CMakeTmp/CMakeFiles" 1]
  ignore line: [Building CXX object CMakeFiles/cmTryCompileExec98594951.dir/CMakeCXXCompilerABI.cpp.o]
  ignore line: [/usr/bin/c++     -o CMakeFiles/cmTryCompileExec98594951.dir/CMakeCXXCompilerABI.cpp.o -c /usr/share/cmake-3.0/Modules/CMakeCXXCompilerABI.cpp]
  ignore line: [Linking CXX executable cmTryCompileExec98594951]
  ignore line: [/usr/bin/cmake -E cmake_link_script CMakeFiles/cmTryCompileExec98594951.dir/link.txt --verbose=1]
  ignore line: [/usr/bin/c++      -v CMakeFiles/cmTryCompileExec98594951.dir/CMakeCXXCompilerABI.cpp.o  -o cmTryCompileExec98594951 -rdynamic  ]
  ignore line: [Using built-in specs.]
  ignore line: [COLLECT_GCC=/usr/bin/c++]
  ignore line: [COLLECT_LTO_WRAPPER=/usr/lib/gcc/i586-linux-gnu/4.9/lto-wrapper]
  ignore line: [Target: i586-linux-gnu]
  ignore line: [Configured with: ../src/configure -v --with-pkgversion='Debian 4.9.2-10' --with-bugurl=file:///usr/share/doc/gcc-4.9/README.Bugs --enable-languages=c,c++,java,go,d,fortran,objc,obj-c++ --prefix=/usr --program-suffix=-4.9 --enable-shared --enable-linker-build-id --libexecdir=/usr/lib --without-included-gettext --enable-threads=posix --with-gxx-include-dir=/usr/include/c++/4.9 --libdir=/usr/lib --enable-nls --with-sysroot=/ --enable-clocale=gnu --enable-libstdcxx-debug --enable-libstdcxx-time=yes --enable-gnu-unique-object --disable-vtable-verify --enable-plugin --with-system-zlib --disable-browser-plugin --enable-java-awt=gtk --enable-gtk-cairo --with-java-home=/usr/lib/jvm/java-1.5.0-gcj-4.9-i386/jre --enable-java-home --with-jvm-root-dir=/usr/lib/jvm/java-1.5.0-gcj-4.9-i386 --with-jvm-jar-dir=/usr/lib/jvm-exports/java-1.5.0-gcj-4.9-i386 --with-arch-directory=i386 --with-ecj-jar=/usr/share/java/eclipse-ecj.jar --enable-objc-gc --enable-targets=all --enable-multiarch --with-arch-32=i586 --with-multilib-list=m32,m64,mx32 --enable-multilib --with-tune=generic --enable-checking=release --build=i586-linux-gnu --host=i586-linux-gnu --target=i586-linux-gnu]
  ignore line: [Thread model: posix]
  ignore line: [gcc version 4.9.2 (Debian 4.9.2-10) ]
  ignore line: [COMPILER_PATH=/usr/lib/gcc/i586-linux-gnu/4.9/:/usr/lib/gcc/i586-linux-gnu/4.9/:/usr/lib/gcc/i586-linux-gnu/:/usr/lib/gcc/i586-linux-gnu/4.9/:/usr/lib/gcc/i586-linux-gnu/]
  ignore line: [LIBRARY_PATH=/usr/lib/gcc/i586-linux-gnu/4.9/:/usr/lib/gcc/i586-linux-gnu/4.9/../../../i386-linux-gnu/:/usr/lib/gcc/i586-linux-gnu/4.9/../../../../lib/:/lib/i386-linux-gnu/:/lib/../lib/:/usr/lib/i386-linux-gnu/:/usr/lib/../lib/:/usr/lib/gcc/i586-linux-gnu/4.9/../../../:/lib/:/usr/lib/]
  ignore line: [COLLECT_GCC_OPTIONS='-v' '-o' 'cmTryCompileExec98594951' '-rdynamic' '-shared-libgcc' '-mtune=generic' '-march=i586']
  link line: [ /usr/lib/gcc/i586-linux-gnu/4.9/collect2 -plugin /usr/lib/gcc/i586-linux-gnu/4.9/liblto_plugin.so -plugin-opt=/usr/lib/gcc/i586-linux-gnu/4.9/lto-wrapper -plugin-opt=-fresolution=/tmp/ccQKKJ4f.res -plugin-opt=-pass-through=-lgcc_s -plugin-opt=-pass-through=-lgcc -plugin-opt=-pass-through=-lc -plugin-opt=-pass-through=-lgcc_s -plugin-opt=-pass-through=-lgcc --sysroot=/ --build-id --eh-frame-hdr -m elf_i386 --hash-style=gnu -export-dynamic -dynamic-linker /lib/ld-linux.so.2 -o cmTryCompileExec98594951 /usr/lib/gcc/i586-linux-gnu/4.9/../../../i386-linux-gnu/crt1.o /usr/lib/gcc/i586-linux-gnu/4.9/../../../i386-linux-gnu/crti.o /usr/lib/gcc/i586-linux-gnu/4.9/crtbegin.o -L/usr/lib/gcc/i586-linux-gnu/4.9 -L/usr/lib/gcc/i586-linux-gnu/4.9/../../../i386-linux-gnu -L/usr/lib/gcc/i586-linux-gnu/4.9/../../../../lib -L/lib/i386-linux-gnu -L/lib/../lib -L/usr/lib/i386-linux-gnu -L/usr/lib/../lib -L/usr/lib/gcc/i586-linux-gnu/4.9/../../.. CMakeFiles/cmTryCompileExec98594951.dir/CMakeCXXCompilerABI.cpp.o -lstdc++ -lm -lgcc_s -lgcc -lc -lgcc_s -lgcc /usr/lib/gcc/i586-linux-gnu/4.9/crtend.o /usr/lib/gcc/i586-linux-gnu/4.9/../../../i386-linux-gnu/crtn.o]
    arg [/usr/lib/gcc/i586-linux-gnu/4.9/collect2] ==> ignore
    arg [-plugin] ==> ignore
    arg [/usr/lib/gcc/i586-linux-gnu/4.9/liblto_plugin.so] ==> ignore
    arg [-plugin-opt=/usr/lib/gcc/i586-linux-gnu/4.9/lto-wrapper] ==> ignore
    arg [-plugin-opt=-fresolution=/tmp/ccQKKJ4f.res] ==> ignore
    arg [-plugin-opt=-pass-through=-lgcc_s] ==> ignore
    arg [-plugin-opt=-pass-through=-lgcc] ==> ignore
    arg [-plugin-opt=-pass-through=-lc] ==> ignore
    arg [-plugin-opt=-pass-through=-lgcc_s] ==> ignore
    arg [-plugin-opt=-pass-through=-lgcc] ==> ignore
    arg [--sysroot=/] ==> ignore
    arg [--build-id] ==> ignore
    arg [--eh-frame-hdr] ==> ignore
    arg [-m] ==> ignore
    arg [elf_i386] ==> ignore
    arg [--hash-style=gnu] ==> ignore
    arg [-export-dynamic] ==> ignore
    arg [-dynamic-linker] ==> ignore
    arg [/lib/ld-linux.so.2] ==> ignore
    arg [-o] ==> ignore
    arg [cmTryCompileExec98594951] ==> ignore
    arg [/usr/lib/gcc/i586-linux-gnu/4.9/../../../i386-linux-gnu/crt1.o] ==> ignore
    arg [/usr/lib/gcc/i586-linux-gnu/4.9/../../../i386-linux-gnu/crti.o] ==> ignore
    arg [/usr/lib/gcc/i586-linux-gnu/4.9/crtbegin.o] ==> ignore
    arg [-L/usr/lib/gcc/i586-linux-gnu/4.9] ==> dir [/usr/lib/gcc/i586-linux-gnu/4.9]
    arg [-L/usr/lib/gcc/i586-linux-gnu/4.9/../../../i386-linux-gnu] ==> dir [/usr/lib/gcc/i586-linux-gnu/4.9/../../../i386-linux-gnu]
    arg [-L/usr/lib/gcc/i586-linux-gnu/4.9/../../../../lib] ==> dir [/usr/lib/gcc/i586-linux-gnu/4.9/../../../../lib]
    arg [-L/lib/i386-linux-gnu] ==> dir [/lib/i386-linux-gnu]
    arg [-L/lib/../lib] ==> dir [/lib/../lib]
    arg [-L/usr/lib/i386-linux-gnu] ==> dir [/usr/lib/i386-linux-gnu]
    arg [-L/usr/lib/../lib] ==> dir [/usr/lib/../lib]
    arg [-L/usr/lib/gcc/i586-linux-gnu/4.9/../../..] ==> dir [/usr/lib/gcc/i586-linux-gnu/4.9/../../..]
    arg [CMakeFiles/cmTryCompileExec98594951.dir/CMakeCXXCompilerABI.cpp.o] ==> ignore
    arg [-lstdc++] ==> lib [stdc++]
    arg [-lm] ==> lib [m]
    arg [-lgcc_s] ==> lib [gcc_s]
    arg [-lgcc] ==> lib [gcc]
    arg [-lc] ==> lib [c]
    arg [-lgcc_s] ==> lib [gcc_s]
    arg [-lgcc] ==> lib [gcc]
    arg [/usr/lib/gcc/i586-linux-gnu/4.9/crtend.o] ==> ignore
    arg [/usr/lib/gcc/i586-linux-gnu/4.9/../../../i386-linux-gnu/crtn.o] ==> ignore
  remove lib [gcc_s]
  remove lib [gcc]
  remove lib [gcc_s]
  remove lib [gcc]
  collapse library dir [/usr/lib/gcc/i586-linux-gnu/4.9] ==> [/usr/lib/gcc/i586-linux-gnu/4.9]
  collapse library dir [/usr/lib/gcc/i586-linux-gnu/4.9/../../../i386-linux-gnu] ==> [/usr/lib/i386-linux-gnu]
  collapse library dir [/usr/lib/gcc/i586-linux-gnu/4.9/../../../../lib] ==> [/usr/lib]
  collapse library dir [/lib/i386-linux-gnu] ==> [/lib/i386-linux-gnu]
  collapse library dir [/lib/../lib] ==> [/lib]
  collapse library dir [/usr/lib/i386-linux-gnu] ==> [/usr/lib/i386-linux-gnu]
  collapse library dir [/usr/lib/../lib] ==> [/usr/lib]
  collapse library dir [/usr/lib/gcc/i586-linux-gnu/4.9/../../..] ==> [/usr/lib]
  implicit libs: [stdc++;m;c]
  implicit dirs: [/usr/lib/gcc/i586-linux-gnu/4.9;/usr/lib/i386-linux-gnu;/usr/lib;/lib/i386-linux-gnu;/lib]
  implicit fwks: []


Determining if the function XOpenDisplay exists in the /usr/lib/i386-linux-gnu/libX11.so;/usr/lib/i386-linux-gnu/libXext.so passed with the following output:
Change Dir: /home/fernando/Escritorio/Texturas/Uso de Shadow1/build/CMakeFiles/CMakeTmp

Run Build Command:"/usr/bin/make" "cmTryCompileExec2760080351/fast"
/usr/bin/make -f CMakeFiles/cmTryCompileExec2760080351.dir/build.make CMakeFiles/cmTryCompileExec2760080351.dir/build
make[1]: Entering directory '/home/fernando/Escritorio/Texturas/Uso de Shadow1/build/CMakeFiles/CMakeTmp'
/usr/bin/cmake -E cmake_progress_report "/home/fernando/Escritorio/Texturas/Uso de Shadow1/build/CMakeFiles/CMakeTmp/CMakeFiles" 1
Building C object CMakeFiles/cmTryCompileExec2760080351.dir/CheckFunctionExists.c.o
/usr/bin/cc   -DCHECK_FUNCTION_EXISTS=XOpenDisplay   -o CMakeFiles/cmTryCompileExec2760080351.dir/CheckFunctionExists.c.o   -c /usr/share/cmake-3.0/Modules/CheckFunctionExists.c
Linking C executable cmTryCompileExec2760080351
/usr/bin/cmake -E cmake_link_script CMakeFiles/cmTryCompileExec2760080351.dir/link.txt --verbose=1
/usr/bin/cc   -DCHECK_FUNCTION_EXISTS=XOpenDisplay    CMakeFiles/cmTryCompileExec2760080351.dir/CheckFunctionExists.c.o  -o cmTryCompileExec2760080351 -rdynamic -lX11 -lXext 
make[1]: Leaving directory '/home/fernando/Escritorio/Texturas/Uso de Shadow1/build/CMakeFiles/CMakeTmp'


Determining if the function gethostbyname exists passed with the following output:
Change Dir: /home/fernando/Escritorio/Texturas/Uso de Shadow1/build/CMakeFiles/CMakeTmp

Run Build Command:"/usr/bin/make" "cmTryCompileExec215069805/fast"
/usr/bin/make -f CMakeFiles/cmTryCompileExec215069805.dir/build.make CMakeFiles/cmTryCompileExec215069805.dir/build
make[1]: Entering directory '/home/fernando/Escritorio/Texturas/Uso de Shadow1/build/CMakeFiles/CMakeTmp'
/usr/bin/cmake -E cmake_progress_report "/home/fernando/Escritorio/Texturas/Uso de Shadow1/build/CMakeFiles/CMakeTmp/CMakeFiles" 1
Building C object CMakeFiles/cmTryCompileExec215069805.dir/CheckFunctionExists.c.o
/usr/bin/cc   -DCHECK_FUNCTION_EXISTS=gethostbyname   -o CMakeFiles/cmTryCompileExec215069805.dir/CheckFunctionExists.c.o   -c /usr/share/cmake-3.0/Modules/CheckFunctionExists.c
Linking C executable cmTryCompileExec215069805
/usr/bin/cmake -E cmake_link_script CMakeFiles/cmTryCompileExec215069805.dir/link.txt --verbose=1
/usr/bin/cc   -DCHECK_FUNCTION_EXISTS=gethostbyname    CMakeFiles/cmTryCompileExec215069805.dir/CheckFunctionExists.c.o  -o cmTryCompileExec215069805 -rdynamic 
make[1]: Leaving directory '/home/fernando/Escritorio/Texturas/Uso de Shadow1/build/CMakeFiles/CMakeTmp'


Determining if the function connect exists passed with the following output:
Change Dir: /home/fernando/Escritorio/Texturas/Uso de Shadow1/build/CMakeFiles/CMakeTmp

Run Build Command:"/usr/bin/make" "cmTryCompileExec1015607564/fast"
/usr/bin/make -f CMakeFiles/cmTryCompileExec1015607564.dir/build.make CMakeFiles/cmTryCompileExec1015607564.dir/build
make[1]: Entering directory '/home/fernando/Escritorio/Texturas/Uso de Shadow1/build/CMakeFiles/CMakeTmp'
/usr/bin/cmake -E cmake_progress_report "/home/fernando/Escritorio/Texturas/Uso de Shadow1/build/CMakeFiles/CMakeTmp/CMakeFiles" 1
Building C object CMakeFiles/cmTryCompileExec1015607564.dir/CheckFunctionExists.c.o
/usr/bin/cc   -DCHECK_FUNCTION_EXISTS=connect   -o CMakeFiles/cmTryCompileExec1015607564.dir/CheckFunctionExists.c.o   -c /usr/share/cmake-3.0/Modules/CheckFunctionExists.c
Linking C executable cmTryCompileExec1015607564
/usr/bin/cmake -E cmake_link_script CMakeFiles/cmTryCompileExec1015607564.dir/link.txt --verbose=1
/usr/bin/cc   -DCHECK_FUNCTION_EXISTS=connect    CMakeFiles/cmTryCompileExec1015607564.dir/CheckFunctionExists.c.o  -o cmTryCompileExec1015607564 -rdynamic 
make[1]: Leaving directory '/home/fernando/Escritorio/Texturas/Uso de Shadow1/build/CMakeFiles/CMakeTmp'


Determining if the function remove exists passed with the following output:
Change Dir: /home/fernando/Escritorio/Texturas/Uso de Shadow1/build/CMakeFiles/CMakeTmp

Run Build Command:"/usr/bin/make" "cmTryCompileExec2507502013/fast"
/usr/bin/make -f CMakeFiles/cmTryCompileExec2507502013.dir/build.make CMakeFiles/cmTryCompileExec2507502013.dir/build
make[1]: Entering directory '/home/fernando/Escritorio/Texturas/Uso de Shadow1/build/CMakeFiles/CMakeTmp'
/usr/bin/cmake -E cmake_progress_report "/home/fernando/Escritorio/Texturas/Uso de Shadow1/build/CMakeFiles/CMakeTmp/CMakeFiles" 1
Building C object CMakeFiles/cmTryCompileExec2507502013.dir/CheckFunctionExists.c.o
/usr/bin/cc   -DCHECK_FUNCTION_EXISTS=remove   -o CMakeFiles/cmTryCompileExec2507502013.dir/CheckFunctionExists.c.o   -c /usr/share/cmake-3.0/Modules/CheckFunctionExists.c
Linking C executable cmTryCompileExec2507502013
/usr/bin/cmake -E cmake_link_script CMakeFiles/cmTryCompileExec2507502013.dir/link.txt --verbose=1
/usr/bin/cc   -DCHECK_FUNCTION_EXISTS=remove    CMakeFiles/cmTryCompileExec2507502013.dir/CheckFunctionExists.c.o  -o cmTryCompileExec2507502013 -rdynamic 
make[1]: Leaving directory '/home/fernando/Escritorio/Texturas/Uso de Shadow1/build/CMakeFiles/CMakeTmp'


Determining if the function shmat exists passed with the following output:
Change Dir: /home/fernando/Escritorio/Texturas/Uso de Shadow1/build/CMakeFiles/CMakeTmp

Run Build Command:"/usr/bin/make" "cmTryCompileExec2244634981/fast"
/usr/bin/make -f CMakeFiles/cmTryCompileExec2244634981.dir/build.make CMakeFiles/cmTryCompileExec2244634981.dir/build
make[1]: Entering directory '/home/fernando/Escritorio/Texturas/Uso de Shadow1/build/CMakeFiles/CMakeTmp'
/usr/bin/cmake -E cmake_progress_report "/home/fernando/Escritorio/Texturas/Uso de Shadow1/build/CMakeFiles/CMakeTmp/CMakeFiles" 1
Building C object CMakeFiles/cmTryCompileExec2244634981.dir/CheckFunctionExists.c.o
/usr/bin/cc   -DCHECK_FUNCTION_EXISTS=shmat   -o CMakeFiles/cmTryCompileExec2244634981.dir/CheckFunctionExists.c.o   -c /usr/share/cmake-3.0/Modules/CheckFunctionExists.c
Linking C executable cmTryCompileExec2244634981
/usr/bin/cmake -E cmake_link_script CMakeFiles/cmTryCompileExec2244634981.dir/link.txt --verbose=1
/usr/bin/cc   -DCHECK_FUNCTION_EXISTS=shmat    CMakeFiles/cmTryCompileExec2244634981.dir/CheckFunctionExists.c.o  -o cmTryCompileExec2244634981 -rdynamic 
make[1]: Leaving directory '/home/fernando/Escritorio/Texturas/Uso de Shadow1/build/CMakeFiles/CMakeTmp'


Determining if the function IceConnectionNumber exists in the ICE passed with the following output:
Change Dir: /home/fernando/Escritorio/Texturas/Uso de Shadow1/build/CMakeFiles/CMakeTmp

Run Build Command:"/usr/bin/make" "cmTryCompileExec426450597/fast"
/usr/bin/make -f CMakeFiles/cmTryCompileExec426450597.dir/build.make CMakeFiles/cmTryCompileExec426450597.dir/build
make[1]: Entering directory '/home/fernando/Escritorio/Texturas/Uso de Shadow1/build/CMakeFiles/CMakeTmp'
/usr/bin/cmake -E cmake_progress_report "/home/fernando/Escritorio/Texturas/Uso de Shadow1/build/CMakeFiles/CMakeTmp/CMakeFiles" 1
Building C object CMakeFiles/cmTryCompileExec426450597.dir/CheckFunctionExists.c.o
/usr/bin/cc   -DCHECK_FUNCTION_EXISTS=IceConnectionNumber   -o CMakeFiles/cmTryCompileExec426450597.dir/CheckFunctionExists.c.o   -c /usr/share/cmake-3.0/Modules/CheckFunctionExists.c
Linking C executable cmTryCompileExec426450597
/usr/bin/cmake -E cmake_link_script CMakeFiles/cmTryCompileExec426450597.dir/link.txt --verbose=1
/usr/bin/cc   -DCHECK_FUNCTION_EXISTS=IceConnectionNumber    CMakeFiles/cmTryCompileExec426450597.dir/CheckFunctionExists.c.o  -o cmTryCompileExec426450597 -rdynamic -lICE 
make[1]: Leaving directory '/home/fernando/Escritorio/Texturas/Uso de Shadow1/build/CMakeFiles/CMakeTmp'


